Using pre-set license
Built from '2020.3/release' branch; Version is '2020.3.12f1 (b3b2c6512326) revision 11776710'; Using compiler version '192528614'; Build Type 'Release'
OS: 'Windows 10 Home; OS build 19043.1052; Version 2009; 64bit' Language: 'en' Physical Memory: 16287 MB
BatchMode: 1, IsHumanControllingUs: 0, StartBugReporterOnCrash: 0, Is64bit: 1, IsPro: 0

 COMMAND LINE ARGUMENTS:
C:\Program Files\Unity\Hub\Editor\2020.3.12f1\Editor\Unity.exe
-adb2
-batchMode
-noUpm
-name
AssetImportWorker0
-projectPath
C:/Users/Coding in Flow/UnityProjects/MultipleSoundClips
-logFile
Logs/AssetImportWorker0.log
-srvPort
64520
Successfully changed project path to: C:/Users/Coding in Flow/UnityProjects/MultipleSoundClips
C:/Users/Coding in Flow/UnityProjects/MultipleSoundClips
Using Asset Import Pipeline V2.
Refreshing native plugins compatible for Editor in 22.49 ms, found 2 plugins.
Preloading 0 native plugins for Editor in 0.00 ms.
Initialize engine version: 2020.3.12f1 (b3b2c6512326)
[Subsystems] Discovering subsystems at path C:/Program Files/Unity/Hub/Editor/2020.3.12f1/Editor/Data/Resources/UnitySubsystems
[Subsystems] Discovering subsystems at path C:/Users/Coding in Flow/UnityProjects/MultipleSoundClips/Assets
GfxDevice: creating device client; threaded=0
Direct3D:
    Version:  Direct3D 11.0 [level 11.1]
    Renderer: NVIDIA GeForce RTX 3070 (ID=0x2484)
    Vendor:   
    VRAM:     8043 MB
    Driver:   27.21.14.5751
Initialize mono
Mono path[0] = 'C:/Program Files/Unity/Hub/Editor/2020.3.12f1/Editor/Data/Managed'
Mono path[1] = 'C:/Program Files/Unity/Hub/Editor/2020.3.12f1/Editor/Data/MonoBleedingEdge/lib/mono/unityjit'
Mono config path = 'C:/Program Files/Unity/Hub/Editor/2020.3.12f1/Editor/Data/MonoBleedingEdge/etc'
Using monoOptions --debugger-agent=transport=dt_socket,embedding=1,server=y,suspend=n,address=127.0.0.1:56580
Begin MonoManager ReloadAssembly
Registering precompiled unity dll's ...
Register platform support module: C:/Program Files/Unity/Hub/Editor/2020.3.12f1/Editor/Data/PlaybackEngines/WindowsStandaloneSupport/UnityEditor.WindowsStandalone.Extensions.dll
Registered in 0.001193 seconds.
Native extension for WindowsStandalone target not found
Refreshing native plugins compatible for Editor in 33.82 ms, found 2 plugins.
Preloading 0 native plugins for Editor in 0.00 ms.
Mono: successfully reloaded assembly
- Completed reload, in  0.892 seconds
Platform modules already initialized, skipping
Registering precompiled user dll's ...
Registered in 0.003494 seconds.
Begin MonoManager ReloadAssembly
Native extension for WindowsStandalone target not found
Refreshing native plugins compatible for Editor in 0.29 ms, found 2 plugins.
Preloading 0 native plugins for Editor in 0.00 ms.
Mono: successfully reloaded assembly
- Completed reload, in  0.746 seconds
Platform modules already initialized, skipping
========================================================================
Worker process is ready to serve import requests
Launched and connected shader compiler UnityShaderCompiler.exe after 0.03 seconds
Refreshing native plugins compatible for Editor in 0.28 ms, found 2 plugins.
Preloading 0 native plugins for Editor in 0.00 ms.
Unloading 1389 Unused Serialized files (Serialized files now loaded: 0)
System memory in use before: 64.6 MB.
System memory in use after: 64.7 MB.

Unloading 18 unused Assets to reduce memory usage. Loaded Objects now: 1823.
Total: 1.781000 ms (FindLiveObjects: 0.157000 ms CreateObjectMapping: 0.033700 ms MarkObjects: 1.531600 ms  DeleteObjects: 0.057400 ms)

AssetImportParameters requested are different than current active one (requested -> active):
  custom:framework-win-MediaFoundation: 216162199b28c13a410421893ffa2e32 -> 
  custom:video-decoder-ogg-theora: a1e56fd34408186e4bbccfd4996cb3dc -> 
  custom:container-muxer-webm: aa71ff27fc2769a1b78a27578f13a17b -> 
  custom:container-demuxer-webm: 4f35f7cbe854078d1ac9338744f61a02 -> 
  custom:container-demuxer-ogg: 62fdf1f143b41e24485cea50d1cbac27 -> 
  custom:video-encoder-webm-vp8: eb34c28f22e8b96e1ab97ce403110664 -> 
  custom:video-decoder-webm-vp8: 9c59270c3fd7afecdb556c50c9e8de78 -> 
  custom:audio-decoder-ogg-vorbis: bf7c407c2cedff20999df2af8eb42d56 -> 
  custom:audio-encoder-webm-vorbis: bf7c407c2cedff20999df2af8eb42d56 -> 
========================================================================
Received Import Request.
  path: Assets/Scenes
  artifactKey: Guid(b5301d449cd9bc841b5221991df1f5b4) Importer(815301076,1909f56bfc062723c751e8b465ee728b)
Start importing Assets/Scenes using Guid(b5301d449cd9bc841b5221991df1f5b4) Importer(815301076,1909f56bfc062723c751e8b465ee728b)  -> (artifact id: '6e95aaaff75fa0cd6d6ef0b17c341339') in 0.009954 seconds 
  Import took 0.011772 seconds .

========================================================================
Received Import Request.
  Time since last request: 0.000149 seconds.
  path: Assets/Scenes/SampleScene.unity
  artifactKey: Guid(9fc0d4010bbf28b4594072e72b8655ab) Importer(815301076,1909f56bfc062723c751e8b465ee728b)
Start importing Assets/Scenes/SampleScene.unity using Guid(9fc0d4010bbf28b4594072e72b8655ab) Importer(815301076,1909f56bfc062723c751e8b465ee728b)  -> (artifact id: 'd3e415bc9e50eb59be662526ef18599d') in 0.012083 seconds 
  Import took 0.014033 seconds .

========================================================================
Received Import Request.
  Time since last request: 0.578495 seconds.
  path: Assets/Sounds
  artifactKey: Guid(247f63a0e6e75c540aec35241d2c3a9b) Importer(815301076,1909f56bfc062723c751e8b465ee728b)
Start importing Assets/Sounds using Guid(247f63a0e6e75c540aec35241d2c3a9b) Importer(815301076,1909f56bfc062723c751e8b465ee728b)  -> (artifact id: '440473fc60c5782d442acfe719ae957e') in 0.006132 seconds 
  Import took 0.008112 seconds .

========================================================================
Received Import Request.
  Time since last request: 0.056961 seconds.
  path: Assets/Sounds/cannon_01.wav
  artifactKey: Guid(af66162561d2eed40ad49268cab318bb) Importer(815301076,1909f56bfc062723c751e8b465ee728b)
Start importing Assets/Sounds/cannon_01.wav using Guid(af66162561d2eed40ad49268cab318bb) Importer(815301076,1909f56bfc062723c751e8b465ee728b)  -> (artifact id: '2c07c0e97327cc4fb084e61d2c2d476e') in 0.077072 seconds 
  Import took 0.079035 seconds .

========================================================================
Received Import Request.
  Time since last request: 0.000151 seconds.
  path: Assets/Sounds/Tiny_Blocks.wav
  artifactKey: Guid(5d6e42b338547477aa7a88708f894463) Importer(815301076,1909f56bfc062723c751e8b465ee728b)
Start importing Assets/Sounds/Tiny_Blocks.wav using Guid(5d6e42b338547477aa7a88708f894463) Importer(815301076,1909f56bfc062723c751e8b465ee728b)  -> (artifact id: '454ada7f63e15418b958f02b983217d6') in 0.009523 seconds 
  Import took 0.011587 seconds .

========================================================================
Received Import Request.
  Time since last request: 0.000150 seconds.
  path: Assets/Sounds/impact.wav
  artifactKey: Guid(b43d102aac6b145468dcaa94a5cccae1) Importer(815301076,1909f56bfc062723c751e8b465ee728b)
Start importing Assets/Sounds/impact.wav using Guid(b43d102aac6b145468dcaa94a5cccae1) Importer(815301076,1909f56bfc062723c751e8b465ee728b)  -> (artifact id: '26deba686956bba587f4c9d19c81c83d') in 0.012015 seconds 
  Import took 0.013896 seconds .

========================================================================
Received Import Request.
  Time since last request: 9.392022 seconds.
  path: Assets/Scripts
  artifactKey: Guid(d5f13e6235cd1e74d91a4ac028b86eb2) Importer(815301076,1909f56bfc062723c751e8b465ee728b)
Start importing Assets/Scripts using Guid(d5f13e6235cd1e74d91a4ac028b86eb2) Importer(815301076,1909f56bfc062723c751e8b465ee728b)  -> (artifact id: '3e8d15f9487a5075c9fe9e66f9e19c67') in 0.006734 seconds 
  Import took 0.009045 seconds .

========================================================================
Received Import Request.
  Time since last request: 1.871064 seconds.
  path: Assets/Scripts/BulletImpact.cs
  artifactKey: Guid(6aebb73a06508f043a980dbe10bd5320) Importer(815301076,1909f56bfc062723c751e8b465ee728b)
Start importing Assets/Scripts/BulletImpact.cs using Guid(6aebb73a06508f043a980dbe10bd5320) Importer(815301076,1909f56bfc062723c751e8b465ee728b)  -> (artifact id: '093e08e817531c0bdb58baa50f54e5b8') in 0.008816 seconds 
  Import took 0.010826 seconds .

========================================================================
Received Import Request.
  Time since last request: 3.878761 seconds.
  path: Assets/Scripts/PlayerMovement.cs
  artifactKey: Guid(93e1686ec0a49e849b9ccefb67aa51ba) Importer(815301076,1909f56bfc062723c751e8b465ee728b)
Start importing Assets/Scripts/PlayerMovement.cs using Guid(93e1686ec0a49e849b9ccefb67aa51ba) Importer(815301076,1909f56bfc062723c751e8b465ee728b)  -> (artifact id: 'd0da77a5894abbbeece6f653c8bff66d') in 0.001935 seconds 
  Import took 0.004032 seconds .

========================================================================
Received Import Request.
  Time since last request: 4.455184 seconds.
  path: Assets/Scripts/ShootBullet.cs
  artifactKey: Guid(48f9f28ed3f7cd44995d4d4466f94bfe) Importer(815301076,1909f56bfc062723c751e8b465ee728b)
Start importing Assets/Scripts/ShootBullet.cs using Guid(48f9f28ed3f7cd44995d4d4466f94bfe) Importer(815301076,1909f56bfc062723c751e8b465ee728b)  -> (artifact id: '081346d4985d43d79ab49f55927e8fdd') in 0.006674 seconds 
  Import took 0.008965 seconds .

========================================================================
Received Import Request.
  Time since last request: 0.002165 seconds.
  path: Assets/Scripts/ShootBullet.cs
  artifactKey: Guid(48f9f28ed3f7cd44995d4d4466f94bfe) Importer(815301076,1909f56bfc062723c751e8b465ee728b)
Start importing Assets/Scripts/ShootBullet.cs using Guid(48f9f28ed3f7cd44995d4d4466f94bfe) Importer(815301076,1909f56bfc062723c751e8b465ee728b)  -> (artifact id: '081346d4985d43d79ab49f55927e8fdd') in 0.001679 seconds 
  Import took 0.003745 seconds .

========================================================================
Received Import Request.
  Time since last request: 110.188142 seconds.
  path: Assets/Sounds/cannon_02.wav
  artifactKey: Guid(24c61ae5fbbce0e42a4ef9e55380583d) Importer(815301076,1909f56bfc062723c751e8b465ee728b)
Start importing Assets/Sounds/cannon_02.wav using Guid(24c61ae5fbbce0e42a4ef9e55380583d) Importer(815301076,1909f56bfc062723c751e8b465ee728b)  -> (artifact id: '3c27c0e391004d6c85d7f67593f94bad') in 0.010609 seconds 
  Import took 0.012817 seconds .

========================================================================
Received Import Request.
  Time since last request: 0.000162 seconds.
  path: Assets/Sounds/cannon_03.wav
  artifactKey: Guid(06c8ec2169bcbeb439271ec037719f0b) Importer(815301076,1909f56bfc062723c751e8b465ee728b)
Start importing Assets/Sounds/cannon_03.wav using Guid(06c8ec2169bcbeb439271ec037719f0b) Importer(815301076,1909f56bfc062723c751e8b465ee728b)  -> (artifact id: '61c0ed00e5a2de0105e6f2f981df8e59') in 0.009090 seconds 
  Import took 0.011107 seconds .

========================================================================
Received Prepare
Registering precompiled user dll's ...
Registered in 0.002622 seconds.
Begin MonoManager ReloadAssembly
Native extension for WindowsStandalone target not found
Refreshing native plugins compatible for Editor in 0.29 ms, found 2 plugins.
Preloading 0 native plugins for Editor in 0.00 ms.
Mono: successfully reloaded assembly
- Completed reload, in  0.697 seconds
Platform modules already initialized, skipping
Refreshing native plugins compatible for Editor in 0.23 ms, found 2 plugins.
Preloading 0 native plugins for Editor in 0.00 ms.
Unloading 1383 Unused Serialized files (Serialized files now loaded: 0)
System memory in use before: 67.6 MB.
System memory in use after: 67.7 MB.

Unloading 13 unused Assets to reduce memory usage. Loaded Objects now: 1835.
Total: 1.773700 ms (FindLiveObjects: 0.144500 ms CreateObjectMapping: 0.032900 ms MarkObjects: 1.579400 ms  DeleteObjects: 0.015800 ms)

AssetImportParameters requested are different than current active one (requested -> active):
  custom:framework-win-MediaFoundation: 216162199b28c13a410421893ffa2e32 -> 
  custom:video-decoder-ogg-theora: a1e56fd34408186e4bbccfd4996cb3dc -> 
  custom:container-muxer-webm: aa71ff27fc2769a1b78a27578f13a17b -> 
  custom:container-demuxer-webm: 4f35f7cbe854078d1ac9338744f61a02 -> 
  custom:container-demuxer-ogg: 62fdf1f143b41e24485cea50d1cbac27 -> 
  custom:video-encoder-webm-vp8: eb34c28f22e8b96e1ab97ce403110664 -> 
  custom:video-decoder-webm-vp8: 9c59270c3fd7afecdb556c50c9e8de78 -> 
  custom:audio-decoder-ogg-vorbis: bf7c407c2cedff20999df2af8eb42d56 -> 
  custom:audio-encoder-webm-vorbis: bf7c407c2cedff20999df2af8eb42d56 -> 
========================================================================
Received Import Request.
  Time since last request: 77.629640 seconds.
  path: Assets/Materials
  artifactKey: Guid(9842effb1cff4e243992ca38fb8f5497) Importer(815301076,1909f56bfc062723c751e8b465ee728b)
Start importing Assets/Materials using Guid(9842effb1cff4e243992ca38fb8f5497) Importer(815301076,1909f56bfc062723c751e8b465ee728b)  -> (artifact id: 'daf7dbb69b76dd388777147643d3e9a1') in 0.003707 seconds 
  Import took 0.005853 seconds .

========================================================================
Received Import Request.
  Time since last request: 0.081490 seconds.
  path: Assets/Materials/Bullet.mat
  artifactKey: Guid(05c8c6abac50b044782891fa9437a8a1) Importer(815301076,1909f56bfc062723c751e8b465ee728b)
Start importing Assets/Materials/Bullet.mat using Guid(05c8c6abac50b044782891fa9437a8a1) Importer(815301076,1909f56bfc062723c751e8b465ee728b)  -> (artifact id: 'f7eb8cecf9cc1815b145dd5a3470c4de') in 0.045234 seconds 
  Import took 0.047441 seconds .

========================================================================
Received Import Request.
  Time since last request: 0.000135 seconds.
  path: Assets/Materials/Gun.mat
  artifactKey: Guid(ca6726e66baab264aa788626a41da85c) Importer(815301076,1909f56bfc062723c751e8b465ee728b)
Start importing Assets/Materials/Gun.mat using Guid(ca6726e66baab264aa788626a41da85c) Importer(815301076,1909f56bfc062723c751e8b465ee728b)  -> (artifact id: '1d07e0722d0f984111ab2c4b622fdae3') in 0.008916 seconds 
  Import took 0.010762 seconds .

========================================================================
Received Import Request.
  Time since last request: 0.000142 seconds.
  path: Assets/Materials/Floor.mat
  artifactKey: Guid(f5240dfe19cbf934da197a02a0fb4b14) Importer(815301076,1909f56bfc062723c751e8b465ee728b)
Start importing Assets/Materials/Floor.mat using Guid(f5240dfe19cbf934da197a02a0fb4b14) Importer(815301076,1909f56bfc062723c751e8b465ee728b)  -> (artifact id: '91b6a1484e754a62c131217350726850') in 0.008294 seconds 
  Import took 0.010086 seconds .

========================================================================
Received Import Request.
  Time since last request: 0.000148 seconds.
  path: Assets/Materials/Player.mat
  artifactKey: Guid(118e1e11ea3fbe44ea413b8a19f62cc2) Importer(815301076,1909f56bfc062723c751e8b465ee728b)
Start importing Assets/Materials/Player.mat using Guid(118e1e11ea3fbe44ea413b8a19f62cc2) Importer(815301076,1909f56bfc062723c751e8b465ee728b)  -> (artifact id: 'c320df4d1d1465e369b356b0d20f5459') in 0.009202 seconds 
  Import took 0.010962 seconds .

========================================================================
Received Import Request.
  Time since last request: 4.342277 seconds.
  path: Assets/Prefabs
  artifactKey: Guid(81a011e86b8c708458671b653b09c4f4) Importer(815301076,1909f56bfc062723c751e8b465ee728b)
Start importing Assets/Prefabs using Guid(81a011e86b8c708458671b653b09c4f4) Importer(815301076,1909f56bfc062723c751e8b465ee728b)  -> (artifact id: '4aba3b175cdd78ac7416a53b5c6ab2b1') in 0.002177 seconds 
  Import took 0.004287 seconds .

========================================================================
Received Import Request.
  Time since last request: 0.001175 seconds.
  path: Assets/Prefabs
  artifactKey: Guid(81a011e86b8c708458671b653b09c4f4) Importer(815301076,1909f56bfc062723c751e8b465ee728b)
Start importing Assets/Prefabs using Guid(81a011e86b8c708458671b653b09c4f4) Importer(815301076,1909f56bfc062723c751e8b465ee728b)  -> (artifact id: '4aba3b175cdd78ac7416a53b5c6ab2b1') in 0.001409 seconds 
  Import took 0.002982 seconds .

========================================================================
Received Import Request.
  Time since last request: 0.077290 seconds.
  path: Assets/Prefabs/Bullet.prefab
  artifactKey: Guid(d6d5a2c7b5610744fac964a6a8841728) Importer(815301076,1909f56bfc062723c751e8b465ee728b)
Start importing Assets/Prefabs/Bullet.prefab using Guid(d6d5a2c7b5610744fac964a6a8841728) Importer(815301076,1909f56bfc062723c751e8b465ee728b)  -> (artifact id: '982f99a6f1b2079800cb5c11ee1f474f') in 0.014065 seconds 
  Import took 0.016200 seconds .

========================================================================
Received Import Request.
  Time since last request: 0.000135 seconds.
  path: Assets/Prefabs/Cube.prefab
  artifactKey: Guid(a9b05d0feb58e4742b6a40f0eca627b5) Importer(815301076,1909f56bfc062723c751e8b465ee728b)
Start importing Assets/Prefabs/Cube.prefab using Guid(a9b05d0feb58e4742b6a40f0eca627b5) Importer(815301076,1909f56bfc062723c751e8b465ee728b)  -> (artifact id: '058667c5016b365f77823af21126da3b') in 0.006708 seconds 
  Import took 0.008510 seconds .

========================================================================
Received Prepare
Registering precompiled user dll's ...
Registered in 0.002656 seconds.
Begin MonoManager ReloadAssembly
Native extension for WindowsStandalone target not found
Refreshing native plugins compatible for Editor in 0.30 ms, found 2 plugins.
Preloading 0 native plugins for Editor in 0.00 ms.
Mono: successfully reloaded assembly
- Completed reload, in  0.716 seconds
Platform modules already initialized, skipping
Refreshing native plugins compatible for Editor in 0.26 ms, found 2 plugins.
Preloading 0 native plugins for Editor in 0.00 ms.
Unloading 1383 Unused Serialized files (Serialized files now loaded: 0)
System memory in use before: 67.9 MB.
System memory in use after: 68.0 MB.

Unloading 14 unused Assets to reduce memory usage. Loaded Objects now: 1874.
Total: 1.567400 ms (FindLiveObjects: 0.154800 ms CreateObjectMapping: 0.033900 ms MarkObjects: 1.363300 ms  DeleteObjects: 0.014800 ms)

AssetImportParameters requested are different than current active one (requested -> active):
  custom:framework-win-MediaFoundation: 216162199b28c13a410421893ffa2e32 -> 
  custom:video-decoder-ogg-theora: a1e56fd34408186e4bbccfd4996cb3dc -> 
  custom:container-muxer-webm: aa71ff27fc2769a1b78a27578f13a17b -> 
  custom:container-demuxer-webm: 4f35f7cbe854078d1ac9338744f61a02 -> 
  custom:container-demuxer-ogg: 62fdf1f143b41e24485cea50d1cbac27 -> 
  custom:video-encoder-webm-vp8: eb34c28f22e8b96e1ab97ce403110664 -> 
  custom:video-decoder-webm-vp8: 9c59270c3fd7afecdb556c50c9e8de78 -> 
  custom:audio-decoder-ogg-vorbis: bf7c407c2cedff20999df2af8eb42d56 -> 
  custom:audio-encoder-webm-vorbis: bf7c407c2cedff20999df2af8eb42d56 -> 
========================================================================
Received Prepare
Registering precompiled user dll's ...
Registered in 0.002817 seconds.
Begin MonoManager ReloadAssembly
Native extension for WindowsStandalone target not found
Refreshing native plugins compatible for Editor in 0.37 ms, found 2 plugins.
Preloading 0 native plugins for Editor in 0.00 ms.
Mono: successfully reloaded assembly
- Completed reload, in  0.747 seconds
Platform modules already initialized, skipping
Refreshing native plugins compatible for Editor in 0.25 ms, found 2 plugins.
Preloading 0 native plugins for Editor in 0.00 ms.
Unloading 1383 Unused Serialized files (Serialized files now loaded: 0)
System memory in use before: 67.9 MB.
System memory in use after: 68.0 MB.

Unloading 13 unused Assets to reduce memory usage. Loaded Objects now: 1877.
Total: 1.567000 ms (FindLiveObjects: 0.144800 ms CreateObjectMapping: 0.028500 ms MarkObjects: 1.375900 ms  DeleteObjects: 0.016700 ms)

AssetImportParameters requested are different than current active one (requested -> active):
  custom:framework-win-MediaFoundation: 216162199b28c13a410421893ffa2e32 -> 
  custom:video-decoder-ogg-theora: a1e56fd34408186e4bbccfd4996cb3dc -> 
  custom:container-muxer-webm: aa71ff27fc2769a1b78a27578f13a17b -> 
  custom:container-demuxer-webm: 4f35f7cbe854078d1ac9338744f61a02 -> 
  custom:container-demuxer-ogg: 62fdf1f143b41e24485cea50d1cbac27 -> 
  custom:video-encoder-webm-vp8: eb34c28f22e8b96e1ab97ce403110664 -> 
  custom:video-decoder-webm-vp8: 9c59270c3fd7afecdb556c50c9e8de78 -> 
  custom:audio-decoder-ogg-vorbis: bf7c407c2cedff20999df2af8eb42d56 -> 
  custom:audio-encoder-webm-vorbis: bf7c407c2cedff20999df2af8eb42d56 -> 
========================================================================
Received Prepare
Registering precompiled user dll's ...
Registered in 0.003513 seconds.
Begin MonoManager ReloadAssembly
Native extension for WindowsStandalone target not found
Refreshing native plugins compatible for Editor in 0.32 ms, found 2 plugins.
Preloading 0 native plugins for Editor in 0.00 ms.
Mono: successfully reloaded assembly
- Completed reload, in  0.745 seconds
Platform modules already initialized, skipping
Refreshing native plugins compatible for Editor in 0.29 ms, found 2 plugins.
Preloading 0 native plugins for Editor in 0.00 ms.
Unloading 1383 Unused Serialized files (Serialized files now loaded: 0)
System memory in use before: 68.0 MB.
System memory in use after: 68.1 MB.

Unloading 13 unused Assets to reduce memory usage. Loaded Objects now: 1880.
Total: 1.691900 ms (FindLiveObjects: 0.153400 ms CreateObjectMapping: 0.029600 ms MarkObjects: 1.490400 ms  DeleteObjects: 0.017200 ms)

AssetImportParameters requested are different than current active one (requested -> active):
  custom:framework-win-MediaFoundation: 216162199b28c13a410421893ffa2e32 -> 
  custom:video-decoder-ogg-theora: a1e56fd34408186e4bbccfd4996cb3dc -> 
  custom:container-muxer-webm: aa71ff27fc2769a1b78a27578f13a17b -> 
  custom:container-demuxer-webm: 4f35f7cbe854078d1ac9338744f61a02 -> 
  custom:container-demuxer-ogg: 62fdf1f143b41e24485cea50d1cbac27 -> 
  custom:video-encoder-webm-vp8: eb34c28f22e8b96e1ab97ce403110664 -> 
  custom:video-decoder-webm-vp8: 9c59270c3fd7afecdb556c50c9e8de78 -> 
  custom:audio-decoder-ogg-vorbis: bf7c407c2cedff20999df2af8eb42d56 -> 
  custom:audio-encoder-webm-vorbis: bf7c407c2cedff20999df2af8eb42d56 -> 
========================================================================
Received Import Request.
  Time since last request: 2725.386229 seconds.
  path: Assets/Scripts/ShootBullet.cs
  artifactKey: Guid(48f9f28ed3f7cd44995d4d4466f94bfe) Importer(815301076,1909f56bfc062723c751e8b465ee728b)
Start importing Assets/Scripts/ShootBullet.cs using Guid(48f9f28ed3f7cd44995d4d4466f94bfe) Importer(815301076,1909f56bfc062723c751e8b465ee728b)  -> (artifact id: 'ff49602648f3f626661fe54c0b4fcce5') in 0.007203 seconds 
  Import took 0.009335 seconds .

========================================================================
Received Prepare
Registering precompiled user dll's ...
Registered in 0.002822 seconds.
Begin MonoManager ReloadAssembly
Native extension for WindowsStandalone target not found
Refreshing native plugins compatible for Editor in 0.30 ms, found 2 plugins.
Preloading 0 native plugins for Editor in 0.00 ms.
Mono: successfully reloaded assembly
- Completed reload, in  0.744 seconds
Platform modules already initialized, skipping
Refreshing native plugins compatible for Editor in 0.30 ms, found 2 plugins.
Preloading 0 native plugins for Editor in 0.00 ms.
Unloading 1383 Unused Serialized files (Serialized files now loaded: 0)
System memory in use before: 68.0 MB.
System memory in use after: 68.1 MB.

Unloading 13 unused Assets to reduce memory usage. Loaded Objects now: 1883.
Total: 1.846900 ms (FindLiveObjects: 0.157800 ms CreateObjectMapping: 0.033600 ms MarkObjects: 1.639000 ms  DeleteObjects: 0.015600 ms)

AssetImportParameters requested are different than current active one (requested -> active):
  custom:framework-win-MediaFoundation: 216162199b28c13a410421893ffa2e32 -> 
  custom:video-decoder-ogg-theora: a1e56fd34408186e4bbccfd4996cb3dc -> 
  custom:container-muxer-webm: aa71ff27fc2769a1b78a27578f13a17b -> 
  custom:container-demuxer-webm: 4f35f7cbe854078d1ac9338744f61a02 -> 
  custom:container-demuxer-ogg: 62fdf1f143b41e24485cea50d1cbac27 -> 
  custom:video-encoder-webm-vp8: eb34c28f22e8b96e1ab97ce403110664 -> 
  custom:video-decoder-webm-vp8: 9c59270c3fd7afecdb556c50c9e8de78 -> 
  custom:audio-decoder-ogg-vorbis: bf7c407c2cedff20999df2af8eb42d56 -> 
  custom:audio-encoder-webm-vorbis: bf7c407c2cedff20999df2af8eb42d56 -> 
========================================================================
Received Import Request.
  Time since last request: 40.747387 seconds.
  path: Assets/Scripts/ShootBullet.cs
  artifactKey: Guid(48f9f28ed3f7cd44995d4d4466f94bfe) Importer(815301076,1909f56bfc062723c751e8b465ee728b)
Start importing Assets/Scripts/ShootBullet.cs using Guid(48f9f28ed3f7cd44995d4d4466f94bfe) Importer(815301076,1909f56bfc062723c751e8b465ee728b)  -> (artifact id: 'c6462a28d44b187e4d70cf0a52dc191d') in 0.006739 seconds 
  Import took 0.009050 seconds .

========================================================================
Received Prepare
Registering precompiled user dll's ...
Registered in 0.002901 seconds.
Begin MonoManager ReloadAssembly
Native extension for WindowsStandalone target not found
Refreshing native plugins compatible for Editor in 0.32 ms, found 2 plugins.
Preloading 0 native plugins for Editor in 0.00 ms.
Mono: successfully reloaded assembly
- Completed reload, in  0.725 seconds
Platform modules already initialized, skipping
Refreshing native plugins compatible for Editor in 0.27 ms, found 2 plugins.
Preloading 0 native plugins for Editor in 0.00 ms.
Unloading 1383 Unused Serialized files (Serialized files now loaded: 0)
System memory in use before: 68.0 MB.
System memory in use after: 68.1 MB.

Unloading 13 unused Assets to reduce memory usage. Loaded Objects now: 1886.
Total: 1.729900 ms (FindLiveObjects: 0.145300 ms CreateObjectMapping: 0.028400 ms MarkObjects: 1.537700 ms  DeleteObjects: 0.017200 ms)

AssetImportParameters requested are different than current active one (requested -> active):
  custom:framework-win-MediaFoundation: 216162199b28c13a410421893ffa2e32 -> 
  custom:video-decoder-ogg-theora: a1e56fd34408186e4bbccfd4996cb3dc -> 
  custom:container-muxer-webm: aa71ff27fc2769a1b78a27578f13a17b -> 
  custom:container-demuxer-webm: 4f35f7cbe854078d1ac9338744f61a02 -> 
  custom:container-demuxer-ogg: 62fdf1f143b41e24485cea50d1cbac27 -> 
  custom:video-encoder-webm-vp8: eb34c28f22e8b96e1ab97ce403110664 -> 
  custom:video-decoder-webm-vp8: 9c59270c3fd7afecdb556c50c9e8de78 -> 
  custom:audio-decoder-ogg-vorbis: bf7c407c2cedff20999df2af8eb42d56 -> 
  custom:audio-encoder-webm-vorbis: bf7c407c2cedff20999df2af8eb42d56 -> 
========================================================================
Received Prepare
Registering precompiled user dll's ...
Registered in 0.003020 seconds.
Begin MonoManager ReloadAssembly
Native extension for WindowsStandalone target not found
Refreshing native plugins compatible for Editor in 0.31 ms, found 2 plugins.
Preloading 0 native plugins for Editor in 0.00 ms.
Mono: successfully reloaded assembly
- Completed reload, in  0.737 seconds
Platform modules already initialized, skipping
Refreshing native plugins compatible for Editor in 0.26 ms, found 2 plugins.
Preloading 0 native plugins for Editor in 0.00 ms.
Unloading 1383 Unused Serialized files (Serialized files now loaded: 0)
System memory in use before: 68.0 MB.
System memory in use after: 68.1 MB.

Unloading 13 unused Assets to reduce memory usage. Loaded Objects now: 1889.
Total: 1.813800 ms (FindLiveObjects: 0.144100 ms CreateObjectMapping: 0.028600 ms MarkObjects: 1.624300 ms  DeleteObjects: 0.015900 ms)

AssetImportParameters requested are different than current active one (requested -> active):
  custom:framework-win-MediaFoundation: 216162199b28c13a410421893ffa2e32 -> 
  custom:video-decoder-ogg-theora: a1e56fd34408186e4bbccfd4996cb3dc -> 
  custom:container-muxer-webm: aa71ff27fc2769a1b78a27578f13a17b -> 
  custom:container-demuxer-webm: 4f35f7cbe854078d1ac9338744f61a02 -> 
  custom:container-demuxer-ogg: 62fdf1f143b41e24485cea50d1cbac27 -> 
  custom:video-encoder-webm-vp8: eb34c28f22e8b96e1ab97ce403110664 -> 
  custom:video-decoder-webm-vp8: 9c59270c3fd7afecdb556c50c9e8de78 -> 
  custom:audio-decoder-ogg-vorbis: bf7c407c2cedff20999df2af8eb42d56 -> 
  custom:audio-encoder-webm-vorbis: bf7c407c2cedff20999df2af8eb42d56 -> 
========================================================================
Received Import Request.
  Time since last request: 367.919321 seconds.
  path: Assets/Scripts/ShootBullet.cs
  artifactKey: Guid(48f9f28ed3f7cd44995d4d4466f94bfe) Importer(815301076,1909f56bfc062723c751e8b465ee728b)
Start importing Assets/Scripts/ShootBullet.cs using Guid(48f9f28ed3f7cd44995d4d4466f94bfe) Importer(815301076,1909f56bfc062723c751e8b465ee728b)  -> (artifact id: 'ebc3957782f2405d3b5ddf55c1dd8d76') in 0.003743 seconds 
  Import took 0.005797 seconds .

========================================================================
Received Prepare
Registering precompiled user dll's ...
Registered in 0.002978 seconds.
Begin MonoManager ReloadAssembly
Native extension for WindowsStandalone target not found
Refreshing native plugins compatible for Editor in 0.34 ms, found 2 plugins.
Preloading 0 native plugins for Editor in 0.00 ms.
Mono: successfully reloaded assembly
- Completed reload, in  0.799 seconds
Platform modules already initialized, skipping
Refreshing native plugins compatible for Editor in 0.31 ms, found 2 plugins.
Preloading 0 native plugins for Editor in 0.00 ms.
Unloading 1383 Unused Serialized files (Serialized files now loaded: 0)
System memory in use before: 68.0 MB.
System memory in use after: 68.1 MB.

Unloading 13 unused Assets to reduce memory usage. Loaded Objects now: 1892.
Total: 1.641300 ms (FindLiveObjects: 0.160500 ms CreateObjectMapping: 0.029400 ms MarkObjects: 1.434800 ms  DeleteObjects: 0.015200 ms)

AssetImportParameters requested are different than current active one (requested -> active):
  custom:framework-win-MediaFoundation: 216162199b28c13a410421893ffa2e32 -> 
  custom:video-decoder-ogg-theora: a1e56fd34408186e4bbccfd4996cb3dc -> 
  custom:container-muxer-webm: aa71ff27fc2769a1b78a27578f13a17b -> 
  custom:container-demuxer-webm: 4f35f7cbe854078d1ac9338744f61a02 -> 
  custom:container-demuxer-ogg: 62fdf1f143b41e24485cea50d1cbac27 -> 
  custom:video-encoder-webm-vp8: eb34c28f22e8b96e1ab97ce403110664 -> 
  custom:video-decoder-webm-vp8: 9c59270c3fd7afecdb556c50c9e8de78 -> 
  custom:audio-decoder-ogg-vorbis: bf7c407c2cedff20999df2af8eb42d56 -> 
  custom:audio-encoder-webm-vorbis: bf7c407c2cedff20999df2af8eb42d56 -> 
AssetImportWorkerClient::OnTransportError - code=2 error=End of file
